<?xml version="1.0" encoding="UTF-8"?>
<!-- Generated by org.testng.reporters.JUnitXMLReporter -->
<testsuite hostname="Sathiyanands-MacBook-Pro.local" ignored="0" name="LoginTest" tests="1" failures="0" timestamp="2020-08-03T23:45:26 CDT" time="0.02" errors="0">
  <testcase name="@BeforeSuite setUp" time="0.007" classname="project1.base.TestBase">
    <failure type="java.lang.NullPointerException">
      <![CDATA[java.lang.NullPointerException
at project1.base.TestBase.setUp(TestBase.java:59)
... Removed 19 stack frames]]>
    </failure>
  </testcase> <!-- @BeforeSuite setUp -->
  <testcase name="@BeforeMethod setUp" time="-1.59651632597E9" classname="project1.base.TestBase">
    <skipped/>
  </testcase> <!-- @BeforeMethod setUp -->
  <testcase name="login" time="0.0" classname="project1.testCases.LoginTest">
    <skipped/>
  </testcase> <!-- login -->
</testsuite> <!-- LoginTest -->
