<?xml version="1.0" encoding="UTF-8"?>
<!-- Generated by org.testng.reporters.JUnitXMLReporter -->
<testsuite hostname="Sathiyanands-MacBook-Pro.local" ignored="0" name="RegisterTest" tests="1" failures="1" timestamp="2020-08-10T16:39:41 CDT" time="1.577" errors="0">
  <testcase name="Registerlink" time="1.554" classname="project1.testCases.RegisterTest">
    <failure type="java.lang.AssertionError" message="Register not clidked">
      <![CDATA[java.lang.AssertionError: Register not clidked
at org.junit.Assert.fail(Assert.java:88)
at project1.testCases.RegisterTest.Registerlink(RegisterTest.java:50)
at java.util.ArrayList.forEach(ArrayList.java:1259)
... Removed 27 stack frames]]>
    </failure>
  </testcase> <!-- Registerlink -->
</testsuite> <!-- RegisterTest -->
